2018-07-12 12:52:21,506 [Worker-1] INFO  o.e.m.c.i.l.LifecycleMappingFactory - Using org.eclipse.m2e.jdt.JarLifecycleMapping lifecycle mapping for MavenProject: com.example:clientService:0.0.1-SNAPSHOT @ /home/oracle/git_repo/spring_cloud_services/clientService/pom.xml.
2018-07-12 12:52:26,501 [Worker-1] INFO  o.e.m.j.i.AbstractJavaProjectConfigurator - Adding source folder /clientService/src/main/java
2018-07-12 12:52:26,502 [Worker-1] INFO  o.e.m.j.i.AbstractJavaProjectConfigurator - Adding resource folder /clientService/src/main/resources
2018-07-12 12:52:26,503 [Worker-1] INFO  o.e.m.j.i.AbstractJavaProjectConfigurator - Adding resource folder /clientService/src/main/resources
2018-07-12 12:52:26,505 [Worker-1] INFO  o.e.m.j.i.AbstractJavaProjectConfigurator - Adding source folder /clientService/src/test/java
2018-07-12 12:52:28,349 [Worker-1] INFO  o.e.m.c.i.p.ProjectConfigurationManager - Imported and configured 1 project(s) in 17 sec
2018-07-12 12:52:40,439 [Worker-1] INFO  o.e.m.c.i.embedder.EclipseLogger - Using 'UTF-8' encoding to copy filtered resources.
2018-07-12 12:52:40,460 [Worker-1] INFO  o.e.m.c.i.embedder.EclipseLogger - Copying 1 resource
2018-07-12 12:52:40,510 [Worker-1] INFO  o.e.m.c.i.embedder.EclipseLogger - Copying 1 resource
2018-07-12 12:52:40,560 [Worker-1] INFO  o.e.m.c.i.embedder.EclipseLogger - Using 'UTF-8' encoding to copy filtered resources.
2018-07-12 12:52:40,560 [Worker-1] INFO  o.e.m.c.i.embedder.EclipseLogger - skip non existing resourceDirectory /home/oracle/git_repo/spring_cloud_services/clientService/src/test/resources
2018-07-12 12:52:57,502 [Worker-15] INFO  o.e.m.c.i.l.LifecycleMappingFactory - Using org.eclipse.m2e.jdt.JarLifecycleMapping lifecycle mapping for MavenProject: com.leroymerlin.backend:demokubernete-backend:0.0.1-SNAPSHOT @ /home/oracle/git_repo/spring_cloud_services/demokubernete-backend/pom.xml.
2018-07-12 12:52:58,262 [Worker-15] INFO  o.e.m.j.i.AbstractJavaProjectConfigurator - Adding source folder /demokubernete-backend/src/main/java
2018-07-12 12:52:58,263 [Worker-15] INFO  o.e.m.j.i.AbstractJavaProjectConfigurator - Adding resource folder /demokubernete-backend/src/main/resources
2018-07-12 12:52:58,263 [Worker-15] INFO  o.e.m.j.i.AbstractJavaProjectConfigurator - Adding resource folder /demokubernete-backend/src/main/resources
2018-07-12 12:52:58,271 [Worker-15] INFO  o.e.m.j.i.AbstractJavaProjectConfigurator - Adding source folder /demokubernete-backend/src/test/java
2018-07-12 12:52:58,500 [Worker-15] INFO  o.e.m.c.i.p.ProjectConfigurationManager - Imported and configured 1 project(s) in 2 sec
2018-07-12 12:53:00,929 [Worker-0] INFO  o.e.m.c.i.embedder.EclipseLogger - Using 'UTF-8' encoding to copy filtered resources.
2018-07-12 12:53:00,930 [Worker-0] INFO  o.e.m.c.i.embedder.EclipseLogger - Copying 1 resource
2018-07-12 12:53:00,931 [Worker-0] INFO  o.e.m.c.i.embedder.EclipseLogger - Copying 0 resource
2018-07-12 12:53:00,942 [Worker-0] INFO  o.e.m.c.i.embedder.EclipseLogger - Using 'UTF-8' encoding to copy filtered resources.
2018-07-12 12:53:00,943 [Worker-0] INFO  o.e.m.c.i.embedder.EclipseLogger - skip non existing resourceDirectory /home/oracle/git_repo/spring_cloud_services/demokubernete-backend/src/test/resources
2018-07-12 12:53:18,748 [Worker-9] INFO  o.e.m.c.i.l.LifecycleMappingFactory - Using org.eclipse.m2e.jdt.JarLifecycleMapping lifecycle mapping for MavenProject: com.leroymerlin.frotend:demokubernete-frontend:0.0.1-SNAPSHOT @ /home/oracle/git_repo/spring_cloud_services/demokubernete-frontend/pom.xml.
2018-07-12 12:53:19,790 [Worker-9] INFO  o.e.m.j.i.AbstractJavaProjectConfigurator - Adding source folder /demokubernete-frontend/src/main/java
2018-07-12 12:53:19,790 [Worker-9] INFO  o.e.m.j.i.AbstractJavaProjectConfigurator - Adding resource folder /demokubernete-frontend/src/main/resources
2018-07-12 12:53:19,790 [Worker-9] INFO  o.e.m.j.i.AbstractJavaProjectConfigurator - Adding resource folder /demokubernete-frontend/src/main/resources
2018-07-12 12:53:19,791 [Worker-9] INFO  o.e.m.j.i.AbstractJavaProjectConfigurator - Adding source folder /demokubernete-frontend/src/test/java
2018-07-12 12:53:19,880 [Worker-9] INFO  o.e.m.c.i.p.ProjectConfigurationManager - Imported and configured 1 project(s) in 1 sec
2018-07-12 12:53:22,130 [Worker-17] INFO  o.e.m.c.i.embedder.EclipseLogger - Using 'UTF-8' encoding to copy filtered resources.
2018-07-12 12:53:22,131 [Worker-17] INFO  o.e.m.c.i.embedder.EclipseLogger - Copying 1 resource
2018-07-12 12:53:22,131 [Worker-17] INFO  o.e.m.c.i.embedder.EclipseLogger - Copying 0 resource
2018-07-12 12:53:22,139 [Worker-17] INFO  o.e.m.c.i.embedder.EclipseLogger - Using 'UTF-8' encoding to copy filtered resources.
2018-07-12 12:53:22,139 [Worker-17] INFO  o.e.m.c.i.embedder.EclipseLogger - skip non existing resourceDirectory /home/oracle/git_repo/spring_cloud_services/demokubernete-frontend/src/test/resources
2018-07-12 12:53:40,099 [Worker-13] INFO  o.e.m.c.i.l.LifecycleMappingFactory - Using org.eclipse.m2e.jdt.JarLifecycleMapping lifecycle mapping for MavenProject: com.example:eureka:0.0.1-SNAPSHOT @ /home/oracle/git_repo/spring_cloud_services/lmServices/pom.xml.
2018-07-12 12:53:42,002 [Worker-13] INFO  o.e.m.j.i.AbstractJavaProjectConfigurator - Adding source folder /lmServices/src/main/java
2018-07-12 12:53:42,003 [Worker-13] INFO  o.e.m.j.i.AbstractJavaProjectConfigurator - Adding resource folder /lmServices/src/main/resources
2018-07-12 12:53:42,027 [Worker-13] INFO  o.e.m.j.i.AbstractJavaProjectConfigurator - Adding resource folder /lmServices/src/main/resources
2018-07-12 12:53:42,028 [Worker-13] INFO  o.e.m.j.i.AbstractJavaProjectConfigurator - Adding source folder /lmServices/src/test/java
2018-07-12 12:53:42,509 [Worker-13] INFO  o.e.m.c.i.p.ProjectConfigurationManager - Imported and configured 1 project(s) in 3 sec
2018-07-12 12:53:46,244 [Worker-14] INFO  o.e.m.c.i.embedder.EclipseLogger - Using 'UTF-8' encoding to copy filtered resources.
2018-07-12 12:53:46,253 [Worker-14] INFO  o.e.m.c.i.embedder.EclipseLogger - Copying 2 resources
2018-07-12 12:53:46,261 [Worker-14] INFO  o.e.m.c.i.embedder.EclipseLogger - Using 'UTF-8' encoding to copy filtered resources.
2018-07-12 12:53:46,261 [Worker-14] INFO  o.e.m.c.i.embedder.EclipseLogger - skip non existing resourceDirectory /home/oracle/git_repo/spring_cloud_services/lmServices/src/test/resources
2018-07-12 12:54:11,020 [Worker-0] INFO  o.e.m.c.i.l.LifecycleMappingFactory - Using org.eclipse.m2e.jdt.JarLifecycleMapping lifecycle mapping for MavenProject: com.example.leroymerlin:spring-config:0.0.1-SNAPSHOT @ /home/oracle/git_repo/spring_cloud_services/spring-config/pom.xml.
2018-07-12 12:54:11,631 [Worker-0] INFO  o.e.m.j.i.AbstractJavaProjectConfigurator - Adding source folder /spring-config/src/main/java
2018-07-12 12:54:11,631 [Worker-0] INFO  o.e.m.j.i.AbstractJavaProjectConfigurator - Adding resource folder /spring-config/src/main/resources
2018-07-12 12:54:11,631 [Worker-0] INFO  o.e.m.j.i.AbstractJavaProjectConfigurator - Adding resource folder /spring-config/src/main/resources
2018-07-12 12:54:11,631 [Worker-0] INFO  o.e.m.j.i.AbstractJavaProjectConfigurator - Adding source folder /spring-config/src/test/java
2018-07-12 12:54:11,765 [Worker-0] INFO  o.e.m.c.i.p.ProjectConfigurationManager - Imported and configured 1 project(s) in 1 sec
2018-07-12 12:54:13,057 [Worker-29] INFO  o.e.m.c.i.embedder.EclipseLogger - Using 'UTF-8' encoding to copy filtered resources.
2018-07-12 12:54:13,060 [Worker-29] INFO  o.e.m.c.i.embedder.EclipseLogger - Copying 1 resource
2018-07-12 12:54:13,061 [Worker-29] INFO  o.e.m.c.i.embedder.EclipseLogger - Copying 0 resource
2018-07-12 12:54:13,097 [Worker-29] INFO  o.e.m.c.i.embedder.EclipseLogger - Using 'UTF-8' encoding to copy filtered resources.
2018-07-12 12:54:13,098 [Worker-29] INFO  o.e.m.c.i.embedder.EclipseLogger - skip non existing resourceDirectory /home/oracle/git_repo/spring_cloud_services/spring-config/src/test/resources
2018-07-12 12:58:18,261 [ModalContext] INFO  o.e.m.c.i.e.AbstractTransferListenerAdapter - Downloading https://repo.maven.apache.org/maven2/org/apache/maven/archetypes/maven-archetype-quickstart/1.1/maven-archetype-quickstart-1.1.jar
2018-07-12 12:58:18,361 [ModalContext] INFO  o.e.m.c.i.e.AbstractTransferListenerAdapter - Downloaded https://repo.maven.apache.org/maven2/org/apache/maven/archetypes/maven-archetype-quickstart/1.1/maven-archetype-quickstart-1.1.jar
2018-07-12 12:58:18,409 [ModalContext] INFO  o.e.m.c.i.e.AbstractTransferListenerAdapter - Downloading https://repo.maven.apache.org/maven2/org/apache/maven/archetypes/maven-archetype-quickstart/1.1/maven-archetype-quickstart-1.1.pom
2018-07-12 12:58:18,452 [ModalContext] INFO  o.e.m.c.i.e.AbstractTransferListenerAdapter - Downloaded https://repo.maven.apache.org/maven2/org/apache/maven/archetypes/maven-archetype-quickstart/1.1/maven-archetype-quickstart-1.1.pom
2018-07-12 12:58:42,955 [Worker-30] INFO  o.e.m.c.i.p.ProjectConfigurationManager - Collecting project info '/pom.xml' /home/oracle/git_repo/spring_cloud_services/SpringCloudKubernete/pom.xml
2018-07-12 12:58:44,926 [Worker-30] INFO  o.e.m.c.i.l.LifecycleMappingFactory - Using org.eclipse.m2e.jdt.JarLifecycleMapping lifecycle mapping for MavenProject: com.joseluissantos.test:SpringCloudKubernete:0.0.1-SNAPSHOT @ /home/oracle/git_repo/spring_cloud_services/SpringCloudKubernete/pom.xml.
2018-07-12 12:58:46,294 [Worker-30] INFO  o.e.m.j.i.AbstractJavaProjectConfigurator - Adding source folder /SpringCloudKubernete/src/main/java
2018-07-12 12:58:46,308 [Worker-30] INFO  o.e.m.j.i.AbstractJavaProjectConfigurator - Adding source folder /SpringCloudKubernete/src/test/java
2018-07-12 12:58:46,376 [Worker-30] INFO  o.e.m.c.i.p.ProjectConfigurationManager - Imported and configured 1 project(s) in 3 sec
2018-07-12 12:58:47,041 [Worker-30] INFO  o.e.m.c.i.embedder.EclipseLogger - Using 'UTF-8' encoding to copy filtered resources.
2018-07-12 12:58:47,041 [Worker-30] INFO  o.e.m.c.i.embedder.EclipseLogger - skip non existing resourceDirectory /home/oracle/git_repo/spring_cloud_services/SpringCloudKubernete/src/main/resources
2018-07-12 12:58:47,051 [Worker-30] INFO  o.e.m.c.i.embedder.EclipseLogger - Using 'UTF-8' encoding to copy filtered resources.
2018-07-12 12:58:47,051 [Worker-30] INFO  o.e.m.c.i.embedder.EclipseLogger - skip non existing resourceDirectory /home/oracle/git_repo/spring_cloud_services/SpringCloudKubernete/src/test/resources
2018-07-12 13:08:55,029 [Worker-32] INFO  o.e.m.c.i.l.LifecycleMappingFactory - Using org.eclipse.m2e.jdt.JarLifecycleMapping lifecycle mapping for MavenProject: com.joseluissantos.tests:SpringCloudKubernete:0.0.1-SNAPSHOT @ /home/oracle/git_repo/spring_cloud_services/SpringCloudKubernete/pom.xml.
2018-07-12 13:08:56,370 [Worker-32] INFO  o.e.m.j.i.AbstractJavaProjectConfigurator - Adding source folder /SpringCloudKubernete/src/main/java
2018-07-12 13:08:56,370 [Worker-32] INFO  o.e.m.j.i.AbstractJavaProjectConfigurator - Adding resource folder /SpringCloudKubernete/src/main/resources
2018-07-12 13:08:56,370 [Worker-32] INFO  o.e.m.j.i.AbstractJavaProjectConfigurator - Adding source folder /SpringCloudKubernete/src/test/java
2018-07-12 13:08:56,371 [Worker-32] INFO  o.e.m.j.i.AbstractJavaProjectConfigurator - Adding resource folder /SpringCloudKubernete/src/test/resources
2018-07-12 13:08:56,977 [Worker-40] WARN  o.e.m.c.i.embedder.EclipseLogger - Using platform encoding (UTF-8 actually) to copy filtered resources, i.e. build is platform dependent!
2018-07-12 13:08:56,979 [Worker-40] INFO  o.e.m.c.i.embedder.EclipseLogger - Copying 0 resource
2018-07-12 13:08:56,982 [Worker-40] WARN  o.e.m.c.i.embedder.EclipseLogger - Using platform encoding (UTF-8 actually) to copy filtered resources, i.e. build is platform dependent!
2018-07-12 13:08:56,982 [Worker-40] INFO  o.e.m.c.i.embedder.EclipseLogger - Copying 0 resource
2018-07-12 14:47:21,882 [Worker-51] INFO  o.e.m.c.i.l.LifecycleMappingFactory - Using NULL lifecycle mapping for MavenProject: com.joseluissantos.test:springcloudkubernetes:0.0.1-SNAPSHOT @ /home/oracle/git_repo/spring_cloud_services/springcloudkubernetes/pom.xml.
2018-07-12 15:00:53,157 [Worker-57] INFO  o.e.m.c.i.p.ProjectConfigurationManager - Collecting project info '/pom.xml' /home/oracle/git_repo/spring_cloud_services/springcloudkubernetes/kubernete-frontened/pom.xml
2018-07-12 15:00:53,818 [Worker-57] INFO  o.e.m.c.i.l.LifecycleMappingFactory - Using org.eclipse.m2e.jdt.JarLifecycleMapping lifecycle mapping for MavenProject: com.joseluissantos.test:kubernete-frontened:0.0.1-SNAPSHOT @ /home/oracle/git_repo/spring_cloud_services/springcloudkubernetes/kubernete-frontened/pom.xml.
2018-07-12 15:00:54,706 [Worker-57] INFO  o.e.m.j.i.AbstractJavaProjectConfigurator - Adding source folder /kubernete-frontened/src/main/java
2018-07-12 15:00:54,710 [Worker-57] INFO  o.e.m.j.i.AbstractJavaProjectConfigurator - Adding source folder /kubernete-frontened/src/test/java
2018-07-12 15:00:54,774 [Worker-57] INFO  o.e.m.c.i.p.ProjectConfigurationManager - Imported and configured 1 project(s) in 1 sec
2018-07-12 15:00:55,918 [Worker-58] INFO  o.e.m.c.i.embedder.EclipseLogger - Using 'UTF-8' encoding to copy filtered resources.
2018-07-12 15:00:55,918 [Worker-58] INFO  o.e.m.c.i.embedder.EclipseLogger - skip non existing resourceDirectory /home/oracle/git_repo/spring_cloud_services/springcloudkubernetes/kubernete-frontened/src/main/resources
2018-07-12 15:00:55,928 [Worker-58] INFO  o.e.m.c.i.embedder.EclipseLogger - Using 'UTF-8' encoding to copy filtered resources.
2018-07-12 15:00:55,928 [Worker-58] INFO  o.e.m.c.i.embedder.EclipseLogger - skip non existing resourceDirectory /home/oracle/git_repo/spring_cloud_services/springcloudkubernetes/kubernete-frontened/src/test/resources
2018-07-12 15:01:49,526 [Worker-59] ERROR o.e.m.c.i.p.r.ProjectRegistryManager - Failed to read Maven project: For artifact {null:null:null:jar}: The groupId cannot be empty.
org.apache.maven.artifact.InvalidArtifactRTException: For artifact {null:null:null:jar}: The groupId cannot be empty.
	at org.apache.maven.artifact.DefaultArtifact.validateIdentity(DefaultArtifact.java:130) ~[maven-artifact-3.3.3.jar:3.3.3]
	at org.apache.maven.artifact.DefaultArtifact.<init>(DefaultArtifact.java:123) ~[maven-artifact-3.3.3.jar:3.3.3]
	at org.apache.maven.bridge.MavenRepositorySystem.XcreateArtifact(MavenRepositorySystem.java:564) ~[maven-core-3.3.3.jar:3.3.3]
	at org.apache.maven.bridge.MavenRepositorySystem.XcreateArtifact(MavenRepositorySystem.java:524) ~[maven-core-3.3.3.jar:3.3.3]
	at org.apache.maven.bridge.MavenRepositorySystem.XcreateArtifact(MavenRepositorySystem.java:518) ~[maven-core-3.3.3.jar:3.3.3]
	at org.apache.maven.bridge.MavenRepositorySystem.XcreateArtifact(MavenRepositorySystem.java:476) ~[maven-core-3.3.3.jar:3.3.3]
	at org.apache.maven.bridge.MavenRepositorySystem.createArtifact(MavenRepositorySystem.java:79) ~[maven-core-3.3.3.jar:3.3.3]
	at org.apache.maven.project.DefaultProjectBuilder.initProject(DefaultProjectBuilder.java:704) ~[maven-core-3.3.3.jar:3.3.3]
	at org.apache.maven.project.DefaultProjectBuilder.build(DefaultProjectBuilder.java:176) ~[maven-core-3.3.3.jar:3.3.3]
	at org.apache.maven.project.DefaultProjectBuilder.build(DefaultProjectBuilder.java:119) ~[maven-core-3.3.3.jar:3.3.3]
	at org.eclipse.m2e.core.internal.embedder.MavenImpl.readMavenProject(MavenImpl.java:636) ~[org.eclipse.m2e.core_1.6.2.20150902-0002.jar:na]
	at org.eclipse.m2e.core.internal.project.registry.ProjectRegistryManager$5.call(ProjectRegistryManager.java:815) ~[org.eclipse.m2e.core_1.6.2.20150902-0002.jar:na]
	at org.eclipse.m2e.core.internal.project.registry.ProjectRegistryManager$5.call(ProjectRegistryManager.java:1) ~[org.eclipse.m2e.core_1.6.2.20150902-0002.jar:na]
	at org.eclipse.m2e.core.internal.embedder.MavenExecutionContext.executeBare(MavenExecutionContext.java:176) ~[org.eclipse.m2e.core_1.6.2.20150902-0002.jar:na]
	at org.eclipse.m2e.core.internal.embedder.MavenExecutionContext.execute(MavenExecutionContext.java:151) ~[org.eclipse.m2e.core_1.6.2.20150902-0002.jar:na]
	at org.eclipse.m2e.core.internal.embedder.MavenExecutionContext.execute(MavenExecutionContext.java:99) ~[org.eclipse.m2e.core_1.6.2.20150902-0002.jar:na]
	at org.eclipse.m2e.core.internal.project.registry.ProjectRegistryManager.execute(ProjectRegistryManager.java:956) ~[org.eclipse.m2e.core_1.6.2.20150902-0002.jar:na]
	at org.eclipse.m2e.core.internal.project.registry.ProjectRegistryManager.readProjectWithDependencies(ProjectRegistryManager.java:811) ~[org.eclipse.m2e.core_1.6.2.20150902-0002.jar:na]
	at org.eclipse.m2e.core.internal.project.registry.ProjectRegistryManager.create(ProjectRegistryManager.java:191) ~[org.eclipse.m2e.core_1.6.2.20150902-0002.jar:na]
	at org.eclipse.m2e.core.internal.project.registry.MavenProjectManager.create(MavenProjectManager.java:80) [org.eclipse.m2e.core_1.6.2.20150902-0002.jar:na]
	at org.eclipse.m2e.core.ui.internal.actions.SelectionUtil.getMavenProject(SelectionUtil.java:259) [org.eclipse.m2e.core.ui_1.6.2.20150902-0002.jar:na]
	at org.eclipse.m2e.editor.pom.MavenPomEditor.readMavenProject(MavenPomEditor.java:729) [org.eclipse.m2e.editor_1.6.2.20150902-0002.jar:na]
	at org.eclipse.m2e.editor.pom.MavenPomEditor$5.run(MavenPomEditor.java:1050) [org.eclipse.m2e.editor_1.6.2.20150902-0002.jar:na]
	at org.eclipse.core.internal.jobs.Worker.run(Worker.java:55) [org.eclipse.core.jobs_3.7.0.v20150330-2103.jar:na]
2018-07-12 15:02:13,718 [Worker-52] ERROR o.e.m.c.i.p.r.ProjectRegistryManager - Failed to read Maven project: 2 problems were encountered while building the effective model for com.joseluissantos.test:kubernete-frontened:0.0.1-SNAPSHOT
[WARNING] 'parent.relativePath' of POM com.joseluissantos.test:kubernete-frontened:0.0.1-SNAPSHOT (/home/oracle/git_repo/spring_cloud_services/springcloudkubernetes/kubernete-frontened/pom.xml) points at null:null instead of com.joseluissantos.test:springcloudkubernetes, please verify your project structure @ line 5, column 11
[FATAL] Non-resolvable parent POM for com.joseluissantos.test:kubernete-frontened:0.0.1-SNAPSHOT: Could not find artifact com.joseluissantos.test:springcloudkubernetes:pom:0.0.1-SNAPSHOT and 'parent.relativePath' points at wrong local POM @ line 5, column 11
 for project com.joseluissantos.test:kubernete-frontened:0.0.1-SNAPSHOT at /home/oracle/git_repo/spring_cloud_services/springcloudkubernetes/kubernete-frontened/pom.xml
org.apache.maven.project.ProjectBuildingException: 2 problems were encountered while building the effective model for com.joseluissantos.test:kubernete-frontened:0.0.1-SNAPSHOT
[WARNING] 'parent.relativePath' of POM com.joseluissantos.test:kubernete-frontened:0.0.1-SNAPSHOT (/home/oracle/git_repo/spring_cloud_services/springcloudkubernetes/kubernete-frontened/pom.xml) points at null:null instead of com.joseluissantos.test:springcloudkubernetes, please verify your project structure @ line 5, column 11
[FATAL] Non-resolvable parent POM for com.joseluissantos.test:kubernete-frontened:0.0.1-SNAPSHOT: Could not find artifact com.joseluissantos.test:springcloudkubernetes:pom:0.0.1-SNAPSHOT and 'parent.relativePath' points at wrong local POM @ line 5, column 11
 for project com.joseluissantos.test:kubernete-frontened:0.0.1-SNAPSHOT at /home/oracle/git_repo/spring_cloud_services/springcloudkubernetes/kubernete-frontened/pom.xml
	at org.apache.maven.project.DefaultProjectBuilder.build(DefaultProjectBuilder.java:168) ~[maven-core-3.3.3.jar:3.3.3]
	at org.apache.maven.project.DefaultProjectBuilder.build(DefaultProjectBuilder.java:119) ~[maven-core-3.3.3.jar:3.3.3]
	at org.eclipse.m2e.core.internal.embedder.MavenImpl.readMavenProject(MavenImpl.java:636) ~[org.eclipse.m2e.core_1.6.2.20150902-0002.jar:na]
	at org.eclipse.m2e.core.internal.project.registry.ProjectRegistryManager$5.call(ProjectRegistryManager.java:815) ~[org.eclipse.m2e.core_1.6.2.20150902-0002.jar:na]
	at org.eclipse.m2e.core.internal.project.registry.ProjectRegistryManager$5.call(ProjectRegistryManager.java:1) ~[org.eclipse.m2e.core_1.6.2.20150902-0002.jar:na]
	at org.eclipse.m2e.core.internal.embedder.MavenExecutionContext.executeBare(MavenExecutionContext.java:176) ~[org.eclipse.m2e.core_1.6.2.20150902-0002.jar:na]
	at org.eclipse.m2e.core.internal.embedder.MavenExecutionContext.execute(MavenExecutionContext.java:151) ~[org.eclipse.m2e.core_1.6.2.20150902-0002.jar:na]
	at org.eclipse.m2e.core.internal.embedder.MavenExecutionContext.execute(MavenExecutionContext.java:99) ~[org.eclipse.m2e.core_1.6.2.20150902-0002.jar:na]
	at org.eclipse.m2e.core.internal.project.registry.ProjectRegistryManager.execute(ProjectRegistryManager.java:956) ~[org.eclipse.m2e.core_1.6.2.20150902-0002.jar:na]
	at org.eclipse.m2e.core.internal.project.registry.ProjectRegistryManager.readProjectWithDependencies(ProjectRegistryManager.java:811) ~[org.eclipse.m2e.core_1.6.2.20150902-0002.jar:na]
	at org.eclipse.m2e.core.internal.project.registry.ProjectRegistryManager.create(ProjectRegistryManager.java:191) ~[org.eclipse.m2e.core_1.6.2.20150902-0002.jar:na]
	at org.eclipse.m2e.core.internal.project.registry.MavenProjectManager.create(MavenProjectManager.java:80) [org.eclipse.m2e.core_1.6.2.20150902-0002.jar:na]
	at org.eclipse.m2e.core.ui.internal.actions.SelectionUtil.getMavenProject(SelectionUtil.java:259) [org.eclipse.m2e.core.ui_1.6.2.20150902-0002.jar:na]
	at org.eclipse.m2e.editor.pom.MavenPomEditor.readMavenProject(MavenPomEditor.java:729) [org.eclipse.m2e.editor_1.6.2.20150902-0002.jar:na]
	at org.eclipse.m2e.editor.pom.MavenPomEditor$5.run(MavenPomEditor.java:1050) [org.eclipse.m2e.editor_1.6.2.20150902-0002.jar:na]
	at org.eclipse.core.internal.jobs.Worker.run(Worker.java:55) [org.eclipse.core.jobs_3.7.0.v20150330-2103.jar:na]
Caused by: org.apache.maven.model.building.ModelBuildingException: 2 problems were encountered while building the effective model for com.joseluissantos.test:kubernete-frontened:0.0.1-SNAPSHOT
[WARNING] 'parent.relativePath' of POM com.joseluissantos.test:kubernete-frontened:0.0.1-SNAPSHOT (/home/oracle/git_repo/spring_cloud_services/springcloudkubernetes/kubernete-frontened/pom.xml) points at null:null instead of com.joseluissantos.test:springcloudkubernetes, please verify your project structure @ line 5, column 11
[FATAL] Non-resolvable parent POM for com.joseluissantos.test:kubernete-frontened:0.0.1-SNAPSHOT: Could not find artifact com.joseluissantos.test:springcloudkubernetes:pom:0.0.1-SNAPSHOT and 'parent.relativePath' points at wrong local POM @ line 5, column 11

	at org.apache.maven.model.building.DefaultModelProblemCollector.newModelBuildingException(DefaultModelProblemCollector.java:197) ~[maven-model-builder-3.3.3.jar:3.3.3]
	at org.apache.maven.model.building.DefaultModelBuilder.readParentExternally(DefaultModelBuilder.java:1007) ~[maven-model-builder-3.3.3.jar:3.3.3]
	at org.apache.maven.model.building.DefaultModelBuilder.readParent(DefaultModelBuilder.java:796) ~[maven-model-builder-3.3.3.jar:3.3.3]
	at org.apache.maven.model.building.DefaultModelBuilder.build(DefaultModelBuilder.java:325) ~[maven-model-builder-3.3.3.jar:3.3.3]
	at org.apache.maven.project.DefaultProjectBuilder.build(DefaultProjectBuilder.java:161) ~[maven-core-3.3.3.jar:3.3.3]
	... 15 common frames omitted
2018-07-12 15:04:37,324 [Worker-62] INFO  o.e.m.c.i.l.LifecycleMappingFactory - Using NULL lifecycle mapping for MavenProject: com.baeldung.spring.cloud:spring-cloud-kubernetes:1.0-SNAPSHOT @ /home/oracle/git_repo/spring_cloud_services/springcloudkubernetes/pom.xml.
2018-07-12 15:05:03,972 [Worker-59] INFO  o.e.m.c.i.p.ProjectConfigurationManager - Collecting project info '/pom.xml' /home/oracle/git_repo/spring_cloud_services/springcloudkubernetes/kubernete-backend/pom.xml
2018-07-12 15:05:04,433 [Worker-59] INFO  o.e.m.c.i.l.LifecycleMappingFactory - Using org.eclipse.m2e.jdt.JarLifecycleMapping lifecycle mapping for MavenProject: com.baeldung.spring.cloud:kubernete-backend:1.0-SNAPSHOT @ /home/oracle/git_repo/spring_cloud_services/springcloudkubernetes/kubernete-backend/pom.xml.
2018-07-12 15:05:05,336 [Worker-59] INFO  o.e.m.j.i.AbstractJavaProjectConfigurator - Adding source folder /kubernete-backend/src/main/java
2018-07-12 15:05:05,344 [Worker-59] INFO  o.e.m.j.i.AbstractJavaProjectConfigurator - Adding source folder /kubernete-backend/src/test/java
2018-07-12 15:05:05,411 [Worker-59] INFO  o.e.m.c.i.p.ProjectConfigurationManager - Imported and configured 1 project(s) in 1 sec
2018-07-12 15:05:05,858 [Worker-65] INFO  o.e.m.c.i.embedder.EclipseLogger - Using 'UTF-8' encoding to copy filtered resources.
2018-07-12 15:05:05,862 [Worker-65] INFO  o.e.m.c.i.embedder.EclipseLogger - skip non existing resourceDirectory /home/oracle/git_repo/spring_cloud_services/springcloudkubernetes/kubernete-backend/src/main/resources
2018-07-12 15:05:05,869 [Worker-65] INFO  o.e.m.c.i.embedder.EclipseLogger - Using 'UTF-8' encoding to copy filtered resources.
2018-07-12 15:05:05,869 [Worker-65] INFO  o.e.m.c.i.embedder.EclipseLogger - skip non existing resourceDirectory /home/oracle/git_repo/spring_cloud_services/springcloudkubernetes/kubernete-backend/src/test/resources
2018-07-12 15:05:11,424 [Worker-63] INFO  o.e.m.c.i.l.LifecycleMappingFactory - Using NULL lifecycle mapping for MavenProject: com.baeldung.spring.cloud:spring-cloud-kubernetes:1.0-SNAPSHOT @ /home/oracle/git_repo/spring_cloud_services/springcloudkubernetes/pom.xml.
2018-07-12 15:05:12,183 [Worker-63] INFO  o.e.m.c.i.l.LifecycleMappingFactory - Using org.eclipse.m2e.jdt.JarLifecycleMapping lifecycle mapping for MavenProject: com.baeldung.spring.cloud:kubernete-backend:1.0-SNAPSHOT @ /home/oracle/git_repo/spring_cloud_services/springcloudkubernetes/kubernete-backend/pom.xml.
2018-07-12 15:05:13,957 [Worker-64] INFO  o.e.m.c.i.embedder.EclipseLogger - Using 'UTF-8' encoding to copy filtered resources.
2018-07-12 15:05:13,957 [Worker-64] INFO  o.e.m.c.i.embedder.EclipseLogger - skip non existing resourceDirectory /home/oracle/git_repo/spring_cloud_services/springcloudkubernetes/kubernete-backend/src/main/resources
2018-07-12 15:05:13,960 [Worker-64] INFO  o.e.m.c.i.embedder.EclipseLogger - Using 'UTF-8' encoding to copy filtered resources.
2018-07-12 15:05:13,960 [Worker-64] INFO  o.e.m.c.i.embedder.EclipseLogger - skip non existing resourceDirectory /home/oracle/git_repo/spring_cloud_services/springcloudkubernetes/kubernete-backend/src/test/resources
2018-07-12 15:18:31,786 [Worker-71] INFO  o.e.m.c.i.l.LifecycleMappingFactory - Using org.eclipse.m2e.jdt.JarLifecycleMapping lifecycle mapping for MavenProject: com.baeldung.spring.cloud:kubernete-backend:1.0-SNAPSHOT @ /home/oracle/git_repo/spring_cloud_services/springcloudkubernetes/kubernete-backend/pom.xml.
2018-07-12 15:18:42,553 [Worker-75] ERROR o.e.m.c.i.p.r.ProjectRegistryManager - Failed to read Maven project: 2 problems were encountered while building the effective model for com.joseluissantos.test:kubernete-frontened:0.0.1-SNAPSHOT
[WARNING] 'parent.relativePath' of POM com.joseluissantos.test:kubernete-frontened:0.0.1-SNAPSHOT (/home/oracle/git_repo/spring_cloud_services/springcloudkubernetes/kubernete-frontened/pom.xml) points at com.baeldung.spring.cloud:spring-cloud-kubernetes instead of com.joseluissantos.test:springcloudkubernetes, please verify your project structure @ line 5, column 11
[FATAL] Non-resolvable parent POM for com.joseluissantos.test:kubernete-frontened:0.0.1-SNAPSHOT: Could not find artifact com.joseluissantos.test:springcloudkubernetes:pom:0.0.1-SNAPSHOT and 'parent.relativePath' points at wrong local POM @ line 5, column 11
 for project com.joseluissantos.test:kubernete-frontened:0.0.1-SNAPSHOT at /home/oracle/git_repo/spring_cloud_services/springcloudkubernetes/kubernete-frontened/pom.xml
org.apache.maven.project.ProjectBuildingException: 2 problems were encountered while building the effective model for com.joseluissantos.test:kubernete-frontened:0.0.1-SNAPSHOT
[WARNING] 'parent.relativePath' of POM com.joseluissantos.test:kubernete-frontened:0.0.1-SNAPSHOT (/home/oracle/git_repo/spring_cloud_services/springcloudkubernetes/kubernete-frontened/pom.xml) points at com.baeldung.spring.cloud:spring-cloud-kubernetes instead of com.joseluissantos.test:springcloudkubernetes, please verify your project structure @ line 5, column 11
[FATAL] Non-resolvable parent POM for com.joseluissantos.test:kubernete-frontened:0.0.1-SNAPSHOT: Could not find artifact com.joseluissantos.test:springcloudkubernetes:pom:0.0.1-SNAPSHOT and 'parent.relativePath' points at wrong local POM @ line 5, column 11
 for project com.joseluissantos.test:kubernete-frontened:0.0.1-SNAPSHOT at /home/oracle/git_repo/spring_cloud_services/springcloudkubernetes/kubernete-frontened/pom.xml
	at org.apache.maven.project.DefaultProjectBuilder.build(DefaultProjectBuilder.java:168) ~[maven-core-3.3.3.jar:3.3.3]
	at org.apache.maven.project.DefaultProjectBuilder.build(DefaultProjectBuilder.java:119) ~[maven-core-3.3.3.jar:3.3.3]
	at org.eclipse.m2e.core.internal.embedder.MavenImpl.readMavenProject(MavenImpl.java:636) ~[org.eclipse.m2e.core_1.6.2.20150902-0002.jar:na]
	at org.eclipse.m2e.core.internal.project.registry.ProjectRegistryManager$5.call(ProjectRegistryManager.java:815) ~[org.eclipse.m2e.core_1.6.2.20150902-0002.jar:na]
	at org.eclipse.m2e.core.internal.project.registry.ProjectRegistryManager$5.call(ProjectRegistryManager.java:1) ~[org.eclipse.m2e.core_1.6.2.20150902-0002.jar:na]
	at org.eclipse.m2e.core.internal.embedder.MavenExecutionContext.executeBare(MavenExecutionContext.java:176) ~[org.eclipse.m2e.core_1.6.2.20150902-0002.jar:na]
	at org.eclipse.m2e.core.internal.embedder.MavenExecutionContext.execute(MavenExecutionContext.java:151) ~[org.eclipse.m2e.core_1.6.2.20150902-0002.jar:na]
	at org.eclipse.m2e.core.internal.embedder.MavenExecutionContext.execute(MavenExecutionContext.java:99) ~[org.eclipse.m2e.core_1.6.2.20150902-0002.jar:na]
	at org.eclipse.m2e.core.internal.project.registry.ProjectRegistryManager.execute(ProjectRegistryManager.java:956) ~[org.eclipse.m2e.core_1.6.2.20150902-0002.jar:na]
	at org.eclipse.m2e.core.internal.project.registry.ProjectRegistryManager.readProjectWithDependencies(ProjectRegistryManager.java:811) ~[org.eclipse.m2e.core_1.6.2.20150902-0002.jar:na]
	at org.eclipse.m2e.core.internal.project.registry.ProjectRegistryManager.create(ProjectRegistryManager.java:191) ~[org.eclipse.m2e.core_1.6.2.20150902-0002.jar:na]
	at org.eclipse.m2e.core.internal.project.registry.MavenProjectManager.create(MavenProjectManager.java:80) [org.eclipse.m2e.core_1.6.2.20150902-0002.jar:na]
	at org.eclipse.m2e.core.ui.internal.actions.SelectionUtil.getMavenProject(SelectionUtil.java:259) [org.eclipse.m2e.core.ui_1.6.2.20150902-0002.jar:na]
	at org.eclipse.m2e.editor.pom.MavenPomEditor.readMavenProject(MavenPomEditor.java:729) [org.eclipse.m2e.editor_1.6.2.20150902-0002.jar:na]
	at org.eclipse.m2e.editor.pom.MavenPomEditor$5.run(MavenPomEditor.java:1050) [org.eclipse.m2e.editor_1.6.2.20150902-0002.jar:na]
	at org.eclipse.core.internal.jobs.Worker.run(Worker.java:55) [org.eclipse.core.jobs_3.7.0.v20150330-2103.jar:na]
Caused by: org.apache.maven.model.building.ModelBuildingException: 2 problems were encountered while building the effective model for com.joseluissantos.test:kubernete-frontened:0.0.1-SNAPSHOT
[WARNING] 'parent.relativePath' of POM com.joseluissantos.test:kubernete-frontened:0.0.1-SNAPSHOT (/home/oracle/git_repo/spring_cloud_services/springcloudkubernetes/kubernete-frontened/pom.xml) points at com.baeldung.spring.cloud:spring-cloud-kubernetes instead of com.joseluissantos.test:springcloudkubernetes, please verify your project structure @ line 5, column 11
[FATAL] Non-resolvable parent POM for com.joseluissantos.test:kubernete-frontened:0.0.1-SNAPSHOT: Could not find artifact com.joseluissantos.test:springcloudkubernetes:pom:0.0.1-SNAPSHOT and 'parent.relativePath' points at wrong local POM @ line 5, column 11

	at org.apache.maven.model.building.DefaultModelProblemCollector.newModelBuildingException(DefaultModelProblemCollector.java:197) ~[maven-model-builder-3.3.3.jar:3.3.3]
	at org.apache.maven.model.building.DefaultModelBuilder.readParentExternally(DefaultModelBuilder.java:1007) ~[maven-model-builder-3.3.3.jar:3.3.3]
	at org.apache.maven.model.building.DefaultModelBuilder.readParent(DefaultModelBuilder.java:796) ~[maven-model-builder-3.3.3.jar:3.3.3]
	at org.apache.maven.model.building.DefaultModelBuilder.build(DefaultModelBuilder.java:325) ~[maven-model-builder-3.3.3.jar:3.3.3]
	at org.apache.maven.project.DefaultProjectBuilder.build(DefaultProjectBuilder.java:161) ~[maven-core-3.3.3.jar:3.3.3]
	... 15 common frames omitted
2018-07-12 15:19:06,423 [Worker-74] ERROR o.e.m.c.i.p.r.ProjectRegistryManager - Failed to read Maven project: 2 problems were encountered while building the effective model for com.joseluissantos.test:kubernete-frontened:0.0.1-SNAPSHOT
[WARNING] 'parent.relativePath' of POM com.joseluissantos.test:kubernete-frontened:0.0.1-SNAPSHOT (/home/oracle/git_repo/spring_cloud_services/springcloudkubernetes/kubernete-frontened/pom.xml) points at com.baeldung.spring.cloud:spring-cloud-kubernetes instead of com.joseluissantos.test:springcloudkubernetes, please verify your project structure @ line 5, column 11
[FATAL] Non-resolvable parent POM for com.joseluissantos.test:kubernete-frontened:0.0.1-SNAPSHOT: Could not find artifact com.joseluissantos.test:springcloudkubernetes:pom:0.0.1-SNAPSHOT and 'parent.relativePath' points at wrong local POM @ line 5, column 11
 for project com.joseluissantos.test:kubernete-frontened:0.0.1-SNAPSHOT at /home/oracle/git_repo/spring_cloud_services/springcloudkubernetes/kubernete-frontened/pom.xml
org.apache.maven.project.ProjectBuildingException: 2 problems were encountered while building the effective model for com.joseluissantos.test:kubernete-frontened:0.0.1-SNAPSHOT
[WARNING] 'parent.relativePath' of POM com.joseluissantos.test:kubernete-frontened:0.0.1-SNAPSHOT (/home/oracle/git_repo/spring_cloud_services/springcloudkubernetes/kubernete-frontened/pom.xml) points at com.baeldung.spring.cloud:spring-cloud-kubernetes instead of com.joseluissantos.test:springcloudkubernetes, please verify your project structure @ line 5, column 11
[FATAL] Non-resolvable parent POM for com.joseluissantos.test:kubernete-frontened:0.0.1-SNAPSHOT: Could not find artifact com.joseluissantos.test:springcloudkubernetes:pom:0.0.1-SNAPSHOT and 'parent.relativePath' points at wrong local POM @ line 5, column 11
 for project com.joseluissantos.test:kubernete-frontened:0.0.1-SNAPSHOT at /home/oracle/git_repo/spring_cloud_services/springcloudkubernetes/kubernete-frontened/pom.xml
	at org.apache.maven.project.DefaultProjectBuilder.build(DefaultProjectBuilder.java:168) ~[maven-core-3.3.3.jar:3.3.3]
	at org.apache.maven.project.DefaultProjectBuilder.build(DefaultProjectBuilder.java:119) ~[maven-core-3.3.3.jar:3.3.3]
	at org.eclipse.m2e.core.internal.embedder.MavenImpl.readMavenProject(MavenImpl.java:636) ~[org.eclipse.m2e.core_1.6.2.20150902-0002.jar:na]
	at org.eclipse.m2e.core.internal.project.registry.ProjectRegistryManager$5.call(ProjectRegistryManager.java:815) ~[org.eclipse.m2e.core_1.6.2.20150902-0002.jar:na]
	at org.eclipse.m2e.core.internal.project.registry.ProjectRegistryManager$5.call(ProjectRegistryManager.java:1) ~[org.eclipse.m2e.core_1.6.2.20150902-0002.jar:na]
	at org.eclipse.m2e.core.internal.embedder.MavenExecutionContext.executeBare(MavenExecutionContext.java:176) ~[org.eclipse.m2e.core_1.6.2.20150902-0002.jar:na]
	at org.eclipse.m2e.core.internal.embedder.MavenExecutionContext.execute(MavenExecutionContext.java:151) ~[org.eclipse.m2e.core_1.6.2.20150902-0002.jar:na]
	at org.eclipse.m2e.core.internal.embedder.MavenExecutionContext.execute(MavenExecutionContext.java:99) ~[org.eclipse.m2e.core_1.6.2.20150902-0002.jar:na]
	at org.eclipse.m2e.core.internal.project.registry.ProjectRegistryManager.execute(ProjectRegistryManager.java:956) ~[org.eclipse.m2e.core_1.6.2.20150902-0002.jar:na]
	at org.eclipse.m2e.core.internal.project.registry.ProjectRegistryManager.readProjectWithDependencies(ProjectRegistryManager.java:811) ~[org.eclipse.m2e.core_1.6.2.20150902-0002.jar:na]
	at org.eclipse.m2e.core.internal.project.registry.ProjectRegistryManager.create(ProjectRegistryManager.java:191) ~[org.eclipse.m2e.core_1.6.2.20150902-0002.jar:na]
	at org.eclipse.m2e.core.internal.project.registry.MavenProjectManager.create(MavenProjectManager.java:80) [org.eclipse.m2e.core_1.6.2.20150902-0002.jar:na]
	at org.eclipse.m2e.core.ui.internal.actions.SelectionUtil.getMavenProject(SelectionUtil.java:259) [org.eclipse.m2e.core.ui_1.6.2.20150902-0002.jar:na]
	at org.eclipse.m2e.editor.pom.MavenPomEditor.readMavenProject(MavenPomEditor.java:729) [org.eclipse.m2e.editor_1.6.2.20150902-0002.jar:na]
	at org.eclipse.m2e.editor.pom.MavenPomEditor$5.run(MavenPomEditor.java:1050) [org.eclipse.m2e.editor_1.6.2.20150902-0002.jar:na]
	at org.eclipse.core.internal.jobs.Worker.run(Worker.java:55) [org.eclipse.core.jobs_3.7.0.v20150330-2103.jar:na]
Caused by: org.apache.maven.model.building.ModelBuildingException: 2 problems were encountered while building the effective model for com.joseluissantos.test:kubernete-frontened:0.0.1-SNAPSHOT
[WARNING] 'parent.relativePath' of POM com.joseluissantos.test:kubernete-frontened:0.0.1-SNAPSHOT (/home/oracle/git_repo/spring_cloud_services/springcloudkubernetes/kubernete-frontened/pom.xml) points at com.baeldung.spring.cloud:spring-cloud-kubernetes instead of com.joseluissantos.test:springcloudkubernetes, please verify your project structure @ line 5, column 11
[FATAL] Non-resolvable parent POM for com.joseluissantos.test:kubernete-frontened:0.0.1-SNAPSHOT: Could not find artifact com.joseluissantos.test:springcloudkubernetes:pom:0.0.1-SNAPSHOT and 'parent.relativePath' points at wrong local POM @ line 5, column 11

	at org.apache.maven.model.building.DefaultModelProblemCollector.newModelBuildingException(DefaultModelProblemCollector.java:197) ~[maven-model-builder-3.3.3.jar:3.3.3]
	at org.apache.maven.model.building.DefaultModelBuilder.readParentExternally(DefaultModelBuilder.java:1007) ~[maven-model-builder-3.3.3.jar:3.3.3]
	at org.apache.maven.model.building.DefaultModelBuilder.readParent(DefaultModelBuilder.java:796) ~[maven-model-builder-3.3.3.jar:3.3.3]
	at org.apache.maven.model.building.DefaultModelBuilder.build(DefaultModelBuilder.java:325) ~[maven-model-builder-3.3.3.jar:3.3.3]
	at org.apache.maven.project.DefaultProjectBuilder.build(DefaultProjectBuilder.java:161) ~[maven-core-3.3.3.jar:3.3.3]
	... 15 common frames omitted
2018-07-12 15:24:16,337 [Worker-66] INFO  o.e.m.c.i.l.LifecycleMappingFactory - Using org.eclipse.m2e.jdt.JarLifecycleMapping lifecycle mapping for MavenProject: com.baeldung.spring.cloud:kubernete-backend:1.0-SNAPSHOT @ /home/oracle/git_repo/spring_cloud_services/springcloudkubernetes/kubernete-backend/pom.xml.
2018-07-12 16:03:22,969 [Worker-92] INFO  o.e.m.i.launch.MavenLaunchDelegate - /home/oracle/git_repo/spring_cloud_services/demokubernete-backend
2018-07-12 16:03:22,970 [Worker-92] INFO  o.e.m.i.launch.MavenLaunchDelegate -  mvn  -B clean package
2018-07-12 16:04:47,562 [Worker-95] INFO  o.e.m.i.launch.MavenLaunchDelegate - /home/oracle/git_repo/spring_cloud_services/demokubernete-frontend
2018-07-12 16:04:47,562 [Worker-95] INFO  o.e.m.i.launch.MavenLaunchDelegate -  mvn  -B clean package
2018-07-12 16:17:30,690 [Worker-92] INFO  o.e.m.c.i.embedder.EclipseLogger - Using 'UTF-8' encoding to copy filtered resources.
2018-07-12 16:17:30,709 [Worker-92] INFO  o.e.m.c.i.embedder.EclipseLogger - Copying 0 resource
2018-07-12 16:17:30,709 [Worker-92] INFO  o.e.m.c.i.embedder.EclipseLogger - Copying 0 resource
2018-07-12 16:17:30,712 [Worker-92] INFO  o.e.m.c.i.embedder.EclipseLogger - Using 'UTF-8' encoding to copy filtered resources.
2018-07-12 16:17:30,712 [Worker-92] INFO  o.e.m.c.i.embedder.EclipseLogger - skip non existing resourceDirectory /home/oracle/git_repo/spring_cloud_services/clientService/src/test/resources
2018-07-12 16:17:30,784 [Worker-92] INFO  o.e.m.c.i.embedder.EclipseLogger - Using 'UTF-8' encoding to copy filtered resources.
2018-07-12 16:17:30,784 [Worker-92] INFO  o.e.m.c.i.embedder.EclipseLogger - Copying 0 resource
2018-07-12 16:17:30,785 [Worker-92] INFO  o.e.m.c.i.embedder.EclipseLogger - Copying 0 resource
2018-07-12 16:17:30,798 [Worker-92] INFO  o.e.m.c.i.embedder.EclipseLogger - Using 'UTF-8' encoding to copy filtered resources.
2018-07-12 16:17:30,798 [Worker-92] INFO  o.e.m.c.i.embedder.EclipseLogger - skip non existing resourceDirectory /home/oracle/git_repo/spring_cloud_services/demokubernete-backend/src/test/resources
2018-07-12 16:17:30,879 [Worker-92] INFO  o.e.m.c.i.embedder.EclipseLogger - Using 'UTF-8' encoding to copy filtered resources.
2018-07-12 16:17:30,880 [Worker-92] INFO  o.e.m.c.i.embedder.EclipseLogger - Copying 0 resource
2018-07-12 16:17:30,880 [Worker-92] INFO  o.e.m.c.i.embedder.EclipseLogger - Copying 0 resource
2018-07-12 16:17:30,890 [Worker-92] INFO  o.e.m.c.i.embedder.EclipseLogger - Using 'UTF-8' encoding to copy filtered resources.
2018-07-12 16:17:30,890 [Worker-92] INFO  o.e.m.c.i.embedder.EclipseLogger - skip non existing resourceDirectory /home/oracle/git_repo/spring_cloud_services/demokubernete-frontend/src/test/resources
2018-07-12 16:17:32,822 [Worker-92] INFO  o.e.m.c.i.embedder.EclipseLogger - Using 'UTF-8' encoding to copy filtered resources.
2018-07-12 16:17:32,824 [Worker-92] INFO  o.e.m.c.i.embedder.EclipseLogger - Copying 0 resource
2018-07-12 16:17:32,825 [Worker-92] INFO  o.e.m.c.i.embedder.EclipseLogger - Copying 0 resource
2018-07-12 16:17:32,827 [Worker-92] INFO  o.e.m.c.i.embedder.EclipseLogger - Using 'UTF-8' encoding to copy filtered resources.
2018-07-12 16:17:32,828 [Worker-92] INFO  o.e.m.c.i.embedder.EclipseLogger - skip non existing resourceDirectory /home/oracle/git_repo/spring_cloud_services/lmServices/src/test/resources
2018-07-12 16:17:34,675 [Worker-103] INFO  o.e.m.c.i.embedder.EclipseLogger - Using 'UTF-8' encoding to copy filtered resources.
2018-07-12 16:17:34,675 [Worker-103] INFO  o.e.m.c.i.embedder.EclipseLogger - Copying 0 resource
2018-07-12 16:17:34,675 [Worker-103] INFO  o.e.m.c.i.embedder.EclipseLogger - Copying 0 resource
2018-07-12 16:17:34,677 [Worker-103] INFO  o.e.m.c.i.embedder.EclipseLogger - Using 'UTF-8' encoding to copy filtered resources.
2018-07-12 16:17:34,678 [Worker-103] INFO  o.e.m.c.i.embedder.EclipseLogger - skip non existing resourceDirectory /home/oracle/git_repo/spring_cloud_services/spring-config/src/test/resources
2018-07-12 16:32:39,172 [Worker-105] INFO  o.e.m.c.i.embedder.EclipseLogger - Using 'UTF-8' encoding to copy filtered resources.
2018-07-12 16:32:39,172 [Worker-105] INFO  o.e.m.c.i.embedder.EclipseLogger - Copying 0 resource
2018-07-12 16:32:39,172 [Worker-105] INFO  o.e.m.c.i.embedder.EclipseLogger - Copying 0 resource
2018-07-12 16:32:39,175 [Worker-105] INFO  o.e.m.c.i.embedder.EclipseLogger - Using 'UTF-8' encoding to copy filtered resources.
2018-07-12 16:32:39,175 [Worker-105] INFO  o.e.m.c.i.embedder.EclipseLogger - skip non existing resourceDirectory /home/oracle/git_repo/spring_cloud_services/demokubernete-frontend/src/test/resources
2018-07-12 16:32:53,203 [Worker-102] INFO  o.e.m.c.i.embedder.EclipseLogger - Using 'UTF-8' encoding to copy filtered resources.
2018-07-12 16:32:53,204 [Worker-102] INFO  o.e.m.c.i.embedder.EclipseLogger - Copying 0 resource
2018-07-12 16:32:53,204 [Worker-102] INFO  o.e.m.c.i.embedder.EclipseLogger - Copying 0 resource
2018-07-12 16:32:53,209 [Worker-102] INFO  o.e.m.c.i.embedder.EclipseLogger - Using 'UTF-8' encoding to copy filtered resources.
2018-07-12 16:32:53,209 [Worker-102] INFO  o.e.m.c.i.embedder.EclipseLogger - skip non existing resourceDirectory /home/oracle/git_repo/spring_cloud_services/demokubernete-frontend/src/test/resources
2018-07-12 16:47:31,578 [Worker-107] INFO  o.e.m.c.i.embedder.EclipseLogger - Using 'UTF-8' encoding to copy filtered resources.
2018-07-12 16:47:31,578 [Worker-107] INFO  o.e.m.c.i.embedder.EclipseLogger - Copying 0 resource
2018-07-12 16:47:31,578 [Worker-107] INFO  o.e.m.c.i.embedder.EclipseLogger - Copying 0 resource
2018-07-12 16:47:31,588 [Worker-107] INFO  o.e.m.c.i.embedder.EclipseLogger - Using 'UTF-8' encoding to copy filtered resources.
2018-07-12 16:47:31,588 [Worker-107] INFO  o.e.m.c.i.embedder.EclipseLogger - skip non existing resourceDirectory /home/oracle/git_repo/spring_cloud_services/demokubernete-frontend/src/test/resources
2018-07-12 16:47:54,433 [Worker-107] INFO  o.e.m.c.i.embedder.EclipseLogger - Using 'UTF-8' encoding to copy filtered resources.
2018-07-12 16:47:54,434 [Worker-107] INFO  o.e.m.c.i.embedder.EclipseLogger - Copying 0 resource
2018-07-12 16:47:54,434 [Worker-107] INFO  o.e.m.c.i.embedder.EclipseLogger - Copying 0 resource
2018-07-12 16:47:54,439 [Worker-107] INFO  o.e.m.c.i.embedder.EclipseLogger - Using 'UTF-8' encoding to copy filtered resources.
2018-07-12 16:47:54,440 [Worker-107] INFO  o.e.m.c.i.embedder.EclipseLogger - skip non existing resourceDirectory /home/oracle/git_repo/spring_cloud_services/demokubernete-backend/src/test/resources
2018-07-12 16:48:04,137 [Worker-107] INFO  o.e.m.c.i.embedder.EclipseLogger - Using 'UTF-8' encoding to copy filtered resources.
2018-07-12 16:48:04,146 [Worker-107] INFO  o.e.m.c.i.embedder.EclipseLogger - Copying 0 resource
2018-07-12 16:48:04,147 [Worker-107] INFO  o.e.m.c.i.embedder.EclipseLogger - Copying 0 resource
2018-07-12 16:48:04,156 [Worker-107] INFO  o.e.m.c.i.embedder.EclipseLogger - Using 'UTF-8' encoding to copy filtered resources.
2018-07-12 16:48:04,156 [Worker-107] INFO  o.e.m.c.i.embedder.EclipseLogger - skip non existing resourceDirectory /home/oracle/git_repo/spring_cloud_services/demokubernete-backend/src/test/resources
2018-07-12 16:55:40,571 [Worker-110] INFO  o.e.m.c.i.embedder.EclipseLogger - Using 'UTF-8' encoding to copy filtered resources.
2018-07-12 16:55:40,571 [Worker-110] INFO  o.e.m.c.i.embedder.EclipseLogger - Copying 0 resource
2018-07-12 16:55:40,571 [Worker-110] INFO  o.e.m.c.i.embedder.EclipseLogger - Copying 0 resource
2018-07-12 16:55:40,575 [Worker-110] INFO  o.e.m.c.i.embedder.EclipseLogger - Using 'UTF-8' encoding to copy filtered resources.
2018-07-12 16:55:40,575 [Worker-110] INFO  o.e.m.c.i.embedder.EclipseLogger - skip non existing resourceDirectory /home/oracle/git_repo/spring_cloud_services/demokubernete-frontend/src/test/resources
2018-07-12 16:55:52,048 [Worker-105] INFO  o.e.m.c.i.embedder.EclipseLogger - Using 'UTF-8' encoding to copy filtered resources.
2018-07-12 16:55:52,048 [Worker-105] INFO  o.e.m.c.i.embedder.EclipseLogger - Copying 0 resource
2018-07-12 16:55:52,048 [Worker-105] INFO  o.e.m.c.i.embedder.EclipseLogger - Copying 0 resource
2018-07-12 16:55:52,050 [Worker-105] INFO  o.e.m.c.i.embedder.EclipseLogger - Using 'UTF-8' encoding to copy filtered resources.
2018-07-12 16:55:52,050 [Worker-105] INFO  o.e.m.c.i.embedder.EclipseLogger - skip non existing resourceDirectory /home/oracle/git_repo/spring_cloud_services/demokubernete-backend/src/test/resources
2018-07-13 09:56:31,087 [Worker-359] INFO  o.e.m.c.i.l.LifecycleMappingFactory - Using NULL lifecycle mapping for MavenProject: com.baeldung.spring.cloud:spring-cloud-kubernetes:1.0-SNAPSHOT @ /home/oracle/git_repo/spring_cloud_services/springcloudkubernetes/pom.xml.
2018-07-13 10:53:12,207 [Worker-383] INFO  o.e.m.c.i.embedder.EclipseLogger - Using 'UTF-8' encoding to copy filtered resources.
2018-07-13 10:53:12,234 [Worker-383] INFO  o.e.m.c.i.embedder.EclipseLogger - Copying 1 resource
2018-07-13 10:53:12,267 [Worker-383] INFO  o.e.m.c.i.embedder.EclipseLogger - Copying 0 resource
2018-07-13 10:53:12,273 [Worker-383] INFO  o.e.m.c.i.embedder.EclipseLogger - Using 'UTF-8' encoding to copy filtered resources.
2018-07-13 10:53:12,273 [Worker-383] INFO  o.e.m.c.i.embedder.EclipseLogger - skip non existing resourceDirectory /home/oracle/git_repo/spring_cloud_services/demokubernete-frontend/src/test/resources
2018-07-13 10:57:24,402 [Worker-382] INFO  o.e.m.i.launch.MavenLaunchDelegate - /home/oracle/git_repo/spring_cloud_services/demokubernete-frontend
2018-07-13 10:57:24,402 [Worker-382] INFO  o.e.m.i.launch.MavenLaunchDelegate -  mvn  -B clean package
2018-07-13 10:58:22,788 [Worker-386] INFO  o.e.m.i.launch.MavenLaunchDelegate - /home/oracle/git_repo/spring_cloud_services/demokubernete-backend
2018-07-13 10:58:22,788 [Worker-386] INFO  o.e.m.i.launch.MavenLaunchDelegate -  mvn  -B clean package
2018-07-13 13:03:30,467 [Worker-412] INFO  o.e.m.c.i.embedder.EclipseLogger - Using 'UTF-8' encoding to copy filtered resources.
2018-07-13 13:03:30,529 [Worker-412] INFO  o.e.m.c.i.embedder.EclipseLogger - Copying 1 resource
2018-07-13 13:03:30,554 [Worker-412] INFO  o.e.m.c.i.embedder.EclipseLogger - Copying 0 resource
2018-07-13 13:03:30,566 [Worker-412] INFO  o.e.m.c.i.embedder.EclipseLogger - Using 'UTF-8' encoding to copy filtered resources.
2018-07-13 13:03:30,567 [Worker-412] INFO  o.e.m.c.i.embedder.EclipseLogger - skip non existing resourceDirectory /home/oracle/git_repo/spring_cloud_services/demokubernete-frontend/src/test/resources
2018-07-16 09:49:38,875 [Worker-10] INFO  o.e.m.c.i.embedder.EclipseLogger - Using 'UTF-8' encoding to copy filtered resources.
2018-07-16 09:49:38,915 [Worker-10] INFO  o.e.m.c.i.embedder.EclipseLogger - Copying 1 resource
2018-07-16 09:49:39,004 [Worker-10] INFO  o.e.m.c.i.embedder.EclipseLogger - Copying 1 resource
2018-07-16 09:49:39,018 [Worker-10] INFO  o.e.m.c.i.embedder.EclipseLogger - Using 'UTF-8' encoding to copy filtered resources.
2018-07-16 09:49:39,018 [Worker-10] INFO  o.e.m.c.i.embedder.EclipseLogger - skip non existing resourceDirectory /home/oracle/git_repo/spring_cloud_services/clientService/src/test/resources
2018-07-16 09:49:42,457 [Worker-10] INFO  o.e.m.c.i.embedder.EclipseLogger - Using 'UTF-8' encoding to copy filtered resources.
2018-07-16 09:49:42,457 [Worker-10] INFO  o.e.m.c.i.embedder.EclipseLogger - Copying 1 resource
2018-07-16 09:49:42,465 [Worker-10] INFO  o.e.m.c.i.embedder.EclipseLogger - Copying 0 resource
2018-07-16 09:49:42,470 [Worker-10] INFO  o.e.m.c.i.embedder.EclipseLogger - Using 'UTF-8' encoding to copy filtered resources.
2018-07-16 09:49:42,471 [Worker-10] INFO  o.e.m.c.i.embedder.EclipseLogger - skip non existing resourceDirectory /home/oracle/git_repo/spring_cloud_services/demokubernete-backend/src/test/resources
2018-07-16 09:49:43,772 [Worker-10] INFO  o.e.m.c.i.embedder.EclipseLogger - Using 'UTF-8' encoding to copy filtered resources.
2018-07-16 09:49:43,772 [Worker-10] INFO  o.e.m.c.i.embedder.EclipseLogger - Copying 1 resource
2018-07-16 09:49:43,780 [Worker-10] INFO  o.e.m.c.i.embedder.EclipseLogger - Copying 0 resource
2018-07-16 09:49:43,783 [Worker-10] INFO  o.e.m.c.i.embedder.EclipseLogger - Using 'UTF-8' encoding to copy filtered resources.
2018-07-16 09:49:43,783 [Worker-10] INFO  o.e.m.c.i.embedder.EclipseLogger - skip non existing resourceDirectory /home/oracle/git_repo/spring_cloud_services/demokubernete-frontend/src/test/resources
2018-07-16 09:49:46,204 [Worker-10] INFO  o.e.m.c.i.embedder.EclipseLogger - Using 'UTF-8' encoding to copy filtered resources.
2018-07-16 09:49:46,205 [Worker-10] INFO  o.e.m.c.i.embedder.EclipseLogger - Copying 2 resources
2018-07-16 09:49:46,245 [Worker-10] INFO  o.e.m.c.i.embedder.EclipseLogger - Using 'UTF-8' encoding to copy filtered resources.
2018-07-16 09:49:46,245 [Worker-10] INFO  o.e.m.c.i.embedder.EclipseLogger - skip non existing resourceDirectory /home/oracle/git_repo/spring_cloud_services/lmServices/src/test/resources
2018-07-16 09:49:49,089 [Worker-10] INFO  o.e.m.c.i.embedder.EclipseLogger - Using 'UTF-8' encoding to copy filtered resources.
2018-07-16 09:49:49,090 [Worker-10] INFO  o.e.m.c.i.embedder.EclipseLogger - Copying 1 resource
2018-07-16 09:49:49,110 [Worker-10] INFO  o.e.m.c.i.embedder.EclipseLogger - Copying 0 resource
2018-07-16 09:49:49,113 [Worker-10] INFO  o.e.m.c.i.embedder.EclipseLogger - Using 'UTF-8' encoding to copy filtered resources.
2018-07-16 09:49:49,113 [Worker-10] INFO  o.e.m.c.i.embedder.EclipseLogger - skip non existing resourceDirectory /home/oracle/git_repo/spring_cloud_services/spring-config/src/test/resources
2018-07-17 14:54:23,524 [Worker-10] INFO  o.e.m.c.i.embedder.EclipseLogger - Using 'UTF-8' encoding to copy filtered resources.
2018-07-17 14:54:23,622 [Worker-10] INFO  o.e.m.c.i.embedder.EclipseLogger - Copying 1 resource
2018-07-17 14:54:23,663 [Worker-10] INFO  o.e.m.c.i.embedder.EclipseLogger - Copying 0 resource
2018-07-17 14:54:23,678 [Worker-10] INFO  o.e.m.c.i.embedder.EclipseLogger - Using 'UTF-8' encoding to copy filtered resources.
2018-07-17 14:54:23,685 [Worker-10] INFO  o.e.m.c.i.embedder.EclipseLogger - skip non existing resourceDirectory /home/oracle/git_repo/spring_cloud_services/demokubernete-backend/src/test/resources
2018-07-17 15:38:15,592 [Worker-53] INFO  o.e.m.i.launch.MavenLaunchDelegate - /home/oracle/git_repo/spring_cloud_services/demokubernete-backend
2018-07-17 15:38:15,671 [Worker-53] INFO  o.e.m.i.launch.MavenLaunchDelegate -  mvn  -B clean package
2018-07-17 15:39:16,417 [Worker-48] INFO  o.e.m.i.launch.MavenLaunchDelegate - /home/oracle/git_repo/spring_cloud_services/demokubernete-frontend
2018-07-17 15:39:16,417 [Worker-48] INFO  o.e.m.i.launch.MavenLaunchDelegate -  mvn  -B clean package
